[debug] [2022-04-12T13:05:22.977Z] ----------------------------------------------------------------------
[debug] [2022-04-12T13:05:22.978Z] Command:       /Users/giorde/.nvm/versions/node/v16.14.2/bin/node /usr/local/bin/firebase init
[debug] [2022-04-12T13:05:22.978Z] CLI Version:   9.18.0
[debug] [2022-04-12T13:05:22.978Z] Platform:      darwin
[debug] [2022-04-12T13:05:22.979Z] Node Version:  v16.14.2
[debug] [2022-04-12T13:05:22.979Z] Time:          Tue Apr 12 2022 15:05:22 GMT+0200 (South Africa Standard Time)
[debug] [2022-04-12T13:05:22.979Z] ----------------------------------------------------------------------
[debug] 
[debug] [2022-04-12T13:05:23.002Z] > command requires scopes: ["email","openid","https://www.googleapis.com/auth/cloudplatformprojects.readonly","https://www.googleapis.com/auth/firebase","https://www.googleapis.com/auth/cloud-platform"]
[debug] [2022-04-12T13:05:23.002Z] > authorizing via signed-in user (jodi.fungula@gmail.com)
[info] 
     ######## #### ########  ######## ########     ###     ######  ########
     ##        ##  ##     ## ##       ##     ##  ##   ##  ##       ##
     ######    ##  ########  ######   ########  #########  ######  ######
     ##        ##  ##    ##  ##       ##     ## ##     ##       ## ##
     ##       #### ##     ## ######## ########  ##     ##  ######  ########

You're about to initialize a Firebase project in this directory:

  /Users/giorde/Documents/Builds/fb-blone-tutorial

Before we get started, keep in mind:

  * You are initializing within an existing Firebase project directory

[info] 
=== Project Setup
[info] 
[info] First, let's associate this project directory with a Firebase project.
[info] You can create multiple project aliases by running firebase use --add, 
[info] but for now we'll just set up a default project.
[info] 
[info] i  .firebaserc already has a default project, using facebook-clone-giordi. 
[debug] [2022-04-12T13:05:33.651Z] > refreshing access token with scopes: []
[debug] [2022-04-12T13:05:33.652Z] >>> HTTP REQUEST POST https://www.googleapis.com/oauth2/v3/token  
 <request body omitted>
[debug] [2022-04-12T13:05:34.297Z] <<< HTTP RESPONSE 200 {"pragma":"no-cache","cache-control":"no-cache, no-store, max-age=0, must-revalidate","date":"Tue, 12 Apr 2022 13:05:34 GMT","expires":"Mon, 01 Jan 1990 00:00:00 GMT","content-type":"application/json; charset=utf-8","vary":"X-Origin, Referer, Origin,Accept-Encoding","server":"scaffolding on HTTPServer2","x-xss-protection":"0","x-frame-options":"SAMEORIGIN","x-content-type-options":"nosniff","alt-svc":"h3=\":443\"; ma=2592000,h3-29=\":443\"; ma=2592000,h3-Q050=\":443\"; ma=2592000,h3-Q046=\":443\"; ma=2592000,h3-Q043=\":443\"; ma=2592000,quic=\":443\"; ma=2592000; v=\"46,43\"","accept-ranges":"none","transfer-encoding":"chunked"}
[debug] [2022-04-12T13:05:34.343Z] >>> [apiv2][query] GET https://firebase.googleapis.com/v1beta1/projects/facebook-clone-giordi [none]
[debug] [2022-04-12T13:05:35.069Z] <<< [apiv2][status] GET https://firebase.googleapis.com/v1beta1/projects/facebook-clone-giordi 200
[debug] [2022-04-12T13:05:35.069Z] <<< [apiv2][body] GET https://firebase.googleapis.com/v1beta1/projects/facebook-clone-giordi {"projectId":"facebook-clone-giordi","projectNumber":"697853184013","displayName":"facebook-clone-giordi","name":"projects/facebook-clone-giordi","resources":{"hostingSite":"facebook-clone-giordi","storageBucket":"facebook-clone-giordi.appspot.com","locationId":"us-central"},"state":"ACTIVE"}
[info] 
=== Firestore Setup
[debug] [2022-04-12T13:05:35.070Z] > refreshing access token with scopes: ["email","https://www.googleapis.com/auth/cloud-platform","https://www.googleapis.com/auth/cloudplatformprojects.readonly","https://www.googleapis.com/auth/firebase","openid"]
[debug] [2022-04-12T13:05:35.070Z] >>> HTTP REQUEST POST https://www.googleapis.com/oauth2/v3/token  
 <request body omitted>
[debug] [2022-04-12T13:05:35.559Z] <<< HTTP RESPONSE 200 {"expires":"Mon, 01 Jan 1990 00:00:00 GMT","cache-control":"no-cache, no-store, max-age=0, must-revalidate","date":"Tue, 12 Apr 2022 13:05:35 GMT","pragma":"no-cache","content-type":"application/json; charset=utf-8","vary":"X-Origin, Referer, Origin,Accept-Encoding","server":"scaffolding on HTTPServer2","x-xss-protection":"0","x-frame-options":"SAMEORIGIN","x-content-type-options":"nosniff","alt-svc":"h3=\":443\"; ma=2592000,h3-29=\":443\"; ma=2592000,h3-Q050=\":443\"; ma=2592000,h3-Q046=\":443\"; ma=2592000,h3-Q043=\":443\"; ma=2592000,quic=\":443\"; ma=2592000; v=\"46,43\"","accept-ranges":"none","transfer-encoding":"chunked"}
[debug] [2022-04-12T13:05:35.599Z] >>> HTTP REQUEST GET https://serviceusage.googleapis.com/v1/projects/facebook-clone-giordi/services/firestore.googleapis.com  
 
[debug] [2022-04-12T13:05:37.555Z] <<< HTTP RESPONSE 200 {"content-type":"application/json; charset=UTF-8","vary":"X-Origin, Referer, Origin,Accept-Encoding","date":"Tue, 12 Apr 2022 13:05:37 GMT","server":"ESF","cache-control":"private","x-xss-protection":"0","x-frame-options":"SAMEORIGIN","x-content-type-options":"nosniff","alt-svc":"h3=\":443\"; ma=2592000,h3-29=\":443\"; ma=2592000,h3-Q050=\":443\"; ma=2592000,h3-Q046=\":443\"; ma=2592000,h3-Q043=\":443\"; ma=2592000,quic=\":443\"; ma=2592000; v=\"46,43\"","accept-ranges":"none","transfer-encoding":"chunked"}
[debug] [2022-04-12T13:05:37.557Z] >>> HTTP REQUEST GET https://appengine.googleapis.com/v1/apps/facebook-clone-giordi  
 
[debug] [2022-04-12T13:05:39.058Z] <<< HTTP RESPONSE 200 {"content-type":"application/json; charset=UTF-8","vary":"X-Origin, Referer, Origin,Accept-Encoding","date":"Tue, 12 Apr 2022 13:05:39 GMT","server":"ESF","cache-control":"private","x-xss-protection":"0","x-frame-options":"SAMEORIGIN","x-content-type-options":"nosniff","alt-svc":"h3=\":443\"; ma=2592000,h3-29=\":443\"; ma=2592000,h3-Q050=\":443\"; ma=2592000,h3-Q046=\":443\"; ma=2592000,h3-Q043=\":443\"; ma=2592000,quic=\":443\"; ma=2592000; v=\"46,43\"","accept-ranges":"none","transfer-encoding":"chunked"}
[debug] [2022-04-12T13:05:39.059Z] database_type: CLOUD_FIRESTORE
[debug] [2022-04-12T13:05:39.060Z] > command requires scopes: ["email","openid","https://www.googleapis.com/auth/cloudplatformprojects.readonly","https://www.googleapis.com/auth/firebase","https://www.googleapis.com/auth/cloud-platform"]
[debug] [2022-04-12T13:05:39.061Z] > authorizing via signed-in user (jodi.fungula@gmail.com)
[debug] [2022-04-12T13:05:39.061Z] [iam] checking project facebook-clone-giordi for permissions ["firebase.projects.get"]
[debug] [2022-04-12T13:05:39.061Z] >>> HTTP REQUEST POST https://cloudresourcemanager.googleapis.com/v1/projects/facebook-clone-giordi:testIamPermissions  
 {"permissions":["firebase.projects.get"]}
[debug] [2022-04-12T13:05:40.788Z] <<< HTTP RESPONSE 200 {"content-type":"application/json; charset=UTF-8","vary":"X-Origin, Referer, Origin,Accept-Encoding","date":"Tue, 12 Apr 2022 13:05:40 GMT","server":"ESF","cache-control":"private","x-xss-protection":"0","x-frame-options":"SAMEORIGIN","x-content-type-options":"nosniff","server-timing":"gfet4t7; dur=1481","alt-svc":"h3=\":443\"; ma=2592000,h3-29=\":443\"; ma=2592000,h3-Q050=\":443\"; ma=2592000,h3-Q046=\":443\"; ma=2592000,h3-Q043=\":443\"; ma=2592000,quic=\":443\"; ma=2592000; v=\"46,43\"","accept-ranges":"none","transfer-encoding":"chunked"}
[info] 
[info] Firestore Security Rules allow you to define how and when to allow
[info] requests. You can keep these rules in your project directory
[info] and publish them with firebase deploy.
[info] 
[debug] [2022-04-12T13:05:51.454Z] >>> HTTP REQUEST GET https://firebaserules.googleapis.com/v1/projects/facebook-clone-giordi/releases?pageSize=10&pageToken=  
 
[debug] [2022-04-12T13:05:52.926Z] <<< HTTP RESPONSE 200 {"content-type":"application/json; charset=UTF-8","vary":"X-Origin, Referer, Origin,Accept-Encoding","date":"Tue, 12 Apr 2022 13:05:52 GMT","server":"ESF","cache-control":"private","x-xss-protection":"0","x-frame-options":"SAMEORIGIN","x-content-type-options":"nosniff","alt-svc":"h3=\":443\"; ma=2592000,h3-29=\":443\"; ma=2592000,h3-Q050=\":443\"; ma=2592000,h3-Q046=\":443\"; ma=2592000,h3-Q043=\":443\"; ma=2592000,quic=\":443\"; ma=2592000; v=\"46,43\"","accept-ranges":"none","transfer-encoding":"chunked"}
[debug] [2022-04-12T13:05:52.929Z] Found ruleset: projects/facebook-clone-giordi/rulesets/42a64438-f144-4f90-801c-8fd3d2094a8b
[debug] [2022-04-12T13:05:52.929Z] >>> HTTP REQUEST GET https://firebaserules.googleapis.com/v1/projects/facebook-clone-giordi/rulesets/42a64438-f144-4f90-801c-8fd3d2094a8b  
 
[debug] [2022-04-12T13:05:53.553Z] <<< HTTP RESPONSE 200 {"content-type":"application/json; charset=UTF-8","vary":"X-Origin, Referer, Origin,Accept-Encoding","date":"Tue, 12 Apr 2022 13:05:53 GMT","server":"ESF","cache-control":"private","x-xss-protection":"0","x-frame-options":"SAMEORIGIN","x-content-type-options":"nosniff","alt-svc":"h3=\":443\"; ma=2592000,h3-29=\":443\"; ma=2592000,h3-Q050=\":443\"; ma=2592000,h3-Q046=\":443\"; ma=2592000,h3-Q043=\":443\"; ma=2592000,quic=\":443\"; ma=2592000; v=\"46,43\"","accept-ranges":"none","transfer-encoding":"chunked"}
[info] 
[info] Firestore indexes allow you to perform complex queries while
[info] maintaining performance that scales with the size of the result
[info] set. You can keep index definitions in your project directory
[info] and publish them with firebase deploy.
[info] 
[debug] [2022-04-12T13:05:59.530Z] >>> HTTP REQUEST GET https://firestore.googleapis.com/v1/projects/facebook-clone-giordi/databases/(default)/collectionGroups/-/indexes  
 
[debug] [2022-04-12T13:05:59.531Z] >>> HTTP REQUEST GET https://firestore.googleapis.com/v1/projects/facebook-clone-giordi/databases/(default)/collectionGroups/-/fields?filter=indexConfig.usesAncestorConfig=false  
 
[debug] [2022-04-12T13:06:01.130Z] <<< HTTP RESPONSE 200 {"content-type":"application/json; charset=UTF-8","vary":"X-Origin, Referer, Origin,Accept-Encoding","date":"Tue, 12 Apr 2022 13:06:01 GMT","server":"ESF","cache-control":"private","x-xss-protection":"0","x-frame-options":"SAMEORIGIN","x-content-type-options":"nosniff","alt-svc":"h3=\":443\"; ma=2592000,h3-29=\":443\"; ma=2592000,h3-Q050=\":443\"; ma=2592000,h3-Q046=\":443\"; ma=2592000,h3-Q043=\":443\"; ma=2592000,quic=\":443\"; ma=2592000; v=\"46,43\"","accept-ranges":"none","transfer-encoding":"chunked"}
[debug] [2022-04-12T13:06:01.550Z] <<< HTTP RESPONSE 200 {"content-type":"application/json; charset=UTF-8","vary":"X-Origin, Referer, Origin,Accept-Encoding","date":"Tue, 12 Apr 2022 13:06:01 GMT","server":"ESF","cache-control":"private","x-xss-protection":"0","x-frame-options":"SAMEORIGIN","x-content-type-options":"nosniff","alt-svc":"h3=\":443\"; ma=2592000,h3-29=\":443\"; ma=2592000,h3-Q050=\":443\"; ma=2592000,h3-Q046=\":443\"; ma=2592000,h3-Q043=\":443\"; ma=2592000,quic=\":443\"; ma=2592000; v=\"46,43\"","accept-ranges":"none","transfer-encoding":"chunked"}
[info] 
=== Hosting:github Setup
[info] 
[info] i  Detected a .git folder at /Users/giorde/Documents/Builds/fb-blone-tutorial 
[info] i  Authorizing with GitHub to upload your service account to a GitHub repository's secrets store. 
[info] 
[info] Visit this URL on this device to log in:
[info] https://github.com/login/oauth/authorize?client_id=89cf50f02ac6aaed3484&state=96948360&redirect_uri=http%3A%2F%2Flocalhost%3A9005&scope=read%3Auser%20repo%20public_repo
[info] 
[info] Waiting for authentication...
[debug] [2022-04-12T13:06:35.248Z] >>> HTTP REQUEST POST https://github.com/login/oauth/access_token  
 {"client_id":"89cf50f02ac6aaed3484","client_secret":"3330d14abc895d9a74d5f17cd7a00711fa2c5bf0","code":"59ad1438b2a3280cea89","redirect_uri":"http://localhost:9005","state":"96948360"}
[debug] [2022-04-12T13:06:36.191Z] <<< HTTP RESPONSE 200 {"server":"GitHub.com","date":"Tue, 12 Apr 2022 13:06:36 GMT","content-type":"application/json; charset=utf-8","transfer-encoding":"chunked","vary":"X-PJAX, X-PJAX-Container, Accept-Encoding, Accept, X-Requested-With","permissions-policy":"interest-cohort=()","etag":"W/\"6e68eb81a98e10e715da4aae7b9ec5a4\"","cache-control":"max-age=0, private, must-revalidate","strict-transport-security":"max-age=31536000; includeSubdomains; preload","x-frame-options":"deny","x-content-type-options":"nosniff","x-xss-protection":"0","referrer-policy":"origin-when-cross-origin, strict-origin-when-cross-origin","expect-ct":"max-age=2592000, report-uri=\"https://api.github.com/_private/browser/errors\"","content-security-policy":"default-src 'none'; base-uri 'self'; block-all-mixed-content; child-src github.com/assets-cdn/worker/ gist.github.com/assets-cdn/worker/; connect-src 'self' uploads.github.com objects-origin.githubusercontent.com www.githubstatus.com collector.github.com raw.githubusercontent.com api.github.com github-cloud.s3.amazonaws.com github-production-repository-file-5c1aeb.s3.amazonaws.com github-production-upload-manifest-file-7fdce7.s3.amazonaws.com github-production-user-asset-6210df.s3.amazonaws.com cdn.optimizely.com logx.optimizely.com/v1/events translator.github.com *.actions.githubusercontent.com wss://*.actions.githubusercontent.com online.visualstudio.com/api/v1/locations github-production-repository-image-32fea6.s3.amazonaws.com github-production-release-asset-2e65be.s3.amazonaws.com insights.github.com wss://alive.github.com; font-src github.githubassets.com; form-action 'self' github.com gist.github.com objects-origin.githubusercontent.com; frame-ancestors 'none'; frame-src render.githubusercontent.com viewscreen.githubusercontent.com notebooks.githubusercontent.com; img-src 'self' data: github.githubassets.com identicons.github.com github-cloud.s3.amazonaws.com secured-user-images.githubusercontent.com/ *.githubusercontent.com; manifest-src 'self'; media-src github.com user-images.githubusercontent.com/; script-src github.githubassets.com; style-src 'unsafe-inline' github.githubassets.com; worker-src github.com/assets-cdn/worker/ gist.github.com/assets-cdn/worker/","x-github-request-id":"E3CB:B896:32C291:394C6C:6255795B"}
[debug] [2022-04-12T13:06:36.197Z] >>> [apiv2][query] GET https://api.github.com/user [none]
[debug] [2022-04-12T13:06:37.217Z] <<< [apiv2][status] GET https://api.github.com/user 200
[debug] [2022-04-12T13:06:37.218Z] <<< [apiv2][body] GET https://api.github.com/user {"login":"giordifungula","id":27930281,"node_id":"MDQ6VXNlcjI3OTMwMjgx","avatar_url":"https://avatars.githubusercontent.com/u/27930281?v=4","gravatar_id":"","url":"https://api.github.com/users/giordifungula","html_url":"https://github.com/giordifungula","followers_url":"https://api.github.com/users/giordifungula/followers","following_url":"https://api.github.com/users/giordifungula/following{/other_user}","gists_url":"https://api.github.com/users/giordifungula/gists{/gist_id}","starred_url":"https://api.github.com/users/giordifungula/starred{/owner}{/repo}","subscriptions_url":"https://api.github.com/users/giordifungula/subscriptions","organizations_url":"https://api.github.com/users/giordifungula/orgs","repos_url":"https://api.github.com/users/giordifungula/repos","events_url":"https://api.github.com/users/giordifungula/events{/privacy}","received_events_url":"https://api.github.com/users/giordifungula/received_events","type":"User","site_admin":false,"name":"Giordi JoJo","company":null,"blog":"","location":"Cape Town","email":"jodi.fungula@gmail.com","hireable":true,"bio":"Cape town.","twitter_username":null,"public_repos":128,"public_gists":0,"followers":44,"following":59,"created_at":"2017-04-23T22:09:31Z","updated_at":"2022-04-12T13:06:30Z","private_gists":0,"total_private_repos":40,"owned_private_repos":40,"disk_usage":428766,"collaborators":4,"two_factor_authentication":true,"plan":{"name":"pro","space":976562499,"collaborators":0,"private_repos":9999}}
[info] 
[info] ✔  Success! Logged into GitHub as giordifungula 
[info] 
